<?xml version="1.0" encoding="UTF-8"?>
<!-- Generated by org.testng.reporters.JUnitXMLReporter -->
<testsuite hostname="DESKTOP-78Q16JN" ignored="0" name="Default test" tests="12" failures="0" timestamp="2020-07-19T23:05:24 CEST" time="16.756" errors="0">
  <testcase name="testMessage" time="0.115" classname="testPackage.HomePageTest"/>
  <testcase name="checkIfEmuIsDisabled" time="0.029" classname="testPackage.HomePageTest"/>
  <testcase name="checkNumberOfBoxes" time="0.016" classname="testPackage.HomePageTest"/>
  <testcase name="checkIfJezevaKucicaIsSelected" time="0.077" classname="testPackage.HomePageTest"/>
  <testcase name="checkIfTurskiIsSelected" time="0.132" classname="testPackage.HomePageTest"/>
  <testcase name="examinePromptBox" time="0.099" classname="testPackage.HomePageTest"/>
  <testcase name="examineNumberOfElementsInTable" time="0.018" classname="testPackage.HomePageTest"/>
  <testcase name="checkStudentsNames" time="0.247" classname="testPackage.HomePageTest"/>
  <testcase name="verifyThatObjectIsMovedCorrectly" time="0.334" classname="testPackage.HomePageTest"/>
  <testcase name="verifyThatMouseIsMovedCorrectly" time="0.151" classname="testPackage.HomePageTest"/>
  <testcase name="examineFrame" time="0.849" classname="testPackage.HomePageTest"/>
  <testcase name="verifyURL" time="0.005" classname="testPackage.HomePageTest"/>
</testsuite> <!-- Default test -->
